Using pre-set license
Built from '2020.3/staging' branch; Version is '2020.3.21f1 (a38c86f6690f) revision 10718342'; Using compiler version '192528614'; Build Type 'Release'
OS: 'Windows 10 Pro; OS build 19041.207; Version 2004; 64bit' Language: 'ru' Physical Memory: 8140 MB
BatchMode: 1, IsHumanControllingUs: 0, StartBugReporterOnCrash: 0, Is64bit: 1, IsPro: 0

COMMAND LINE ARGUMENTS:
D:\Unity\Version Unity\2020.3.21f1\Editor\Unity.exe
-adb2
-batchMode
-noUpm
-name
AssetImportWorker3
-projectPath
D:/Programs/Reposit/MasterNitro3D
-logFile
Logs/AssetImportWorker3.log
-srvPort
56797
Successfully changed project path to: D:/Programs/Reposit/MasterNitro3D
D:/Programs/Reposit/MasterNitro3D
Using Asset Import Pipeline V2.
Refreshing native plugins compatible for Editor in 38.04 ms, found 2 plugins.
Preloading 0 native plugins for Editor in 0.00 ms.
Initialize engine version: 2020.3.21f1 (a38c86f6690f)
[Subsystems] Discovering subsystems at path D:/Unity/Version Unity/2020.3.21f1/Editor/Data/Resources/UnitySubsystems
[Subsystems] Discovering subsystems at path D:/Programs/Reposit/MasterNitro3D/Assets
GfxDevice: creating device client; threaded=0
Direct3D:
    Version:  Direct3D 11.0 [level 11.1]
    Renderer: AMD Radeon (TM) R9 390 Series (ID=0x67b1)
    Vendor:   
    VRAM:     8167 MB
    Driver:   27.20.21003.8013
Initialize mono
Mono path[0] = 'D:/Unity/Version Unity/2020.3.21f1/Editor/Data/Managed'
Mono path[1] = 'D:/Unity/Version Unity/2020.3.21f1/Editor/Data/MonoBleedingEdge/lib/mono/unityjit'
Mono config path = 'D:/Unity/Version Unity/2020.3.21f1/Editor/Data/MonoBleedingEdge/etc'
Using monoOptions --debugger-agent=transport=dt_socket,embedding=1,server=y,suspend=n,address=127.0.0.1:56608
Begin MonoManager ReloadAssembly
Registering precompiled unity dll's ...
Register platform support module: D:/Unity/Version Unity/2020.3.21f1/Editor/Data/PlaybackEngines/WindowsStandaloneSupport/UnityEditor.WindowsStandalone.Extensions.dll
Registered in 0.000729 seconds.
Native extension for WindowsStandalone target not found
Refreshing native plugins compatible for Editor in 37.19 ms, found 2 plugins.
Preloading 0 native plugins for Editor in 0.00 ms.
Mono: successfully reloaded assembly
- Completed reload, in  1.173 seconds
Domain Reload Profiling:
	ReloadAssembly (1173ms)
		BeginReloadAssembly (38ms)
			ExecutionOrderSort (0ms)
			DisableScriptedObjects (0ms)
			BackupInstance (0ms)
			ReleaseScriptingObjects (0ms)
			CreateAndSetChildDomain (1ms)
		EndReloadAssembly (362ms)
			LoadAssemblies (37ms)
			RebuildTransferFunctionScriptingTraits (0ms)
			SetupTypeCache (115ms)
			ReleaseScriptCaches (0ms)
			RebuildScriptCaches (24ms)
			SetupLoadedEditorAssemblies (154ms)
				LogAssemblyErrors (0ms)
				InitializePlatformSupportModulesInManaged (3ms)
				SetLoadedEditorAssemblies (0ms)
				RefreshPlugins (37ms)
				BeforeProcessingInitializeOnLoad (15ms)
				ProcessInitializeOnLoadAttributes (62ms)
				ProcessInitializeOnLoadMethodAttributes (37ms)
				AfterProcessingInitializeOnLoad (0ms)
				EditorAssembliesLoaded (0ms)
			ExecutionOrderSort2 (0ms)
			AwakeInstancesAfterBackupRestoration (0ms)
Platform modules already initialized, skipping
Registering precompiled user dll's ...
Registered in 0.004096 seconds.
Begin MonoManager ReloadAssembly
Native extension for WindowsStandalone target not found
Refreshing native plugins compatible for Editor in 42.69 ms, found 2 plugins.
Preloading 0 native plugins for Editor in 0.00 ms.
Mono: successfully reloaded assembly
- Completed reload, in  0.915 seconds
Domain Reload Profiling:
	ReloadAssembly (916ms)
		BeginReloadAssembly (115ms)
			ExecutionOrderSort (0ms)
			DisableScriptedObjects (3ms)
			BackupInstance (0ms)
			ReleaseScriptingObjects (0ms)
			CreateAndSetChildDomain (18ms)
		EndReloadAssembly (757ms)
			LoadAssemblies (63ms)
			RebuildTransferFunctionScriptingTraits (0ms)
			SetupTypeCache (229ms)
			ReleaseScriptCaches (0ms)
			RebuildScriptCaches (48ms)
			SetupLoadedEditorAssemblies (312ms)
				LogAssemblyErrors (0ms)
				InitializePlatformSupportModulesInManaged (3ms)
				SetLoadedEditorAssemblies (0ms)
				RefreshPlugins (43ms)
				BeforeProcessingInitializeOnLoad (60ms)
				ProcessInitializeOnLoadAttributes (196ms)
				ProcessInitializeOnLoadMethodAttributes (7ms)
				AfterProcessingInitializeOnLoad (2ms)
				EditorAssembliesLoaded (0ms)
			ExecutionOrderSort2 (0ms)
			AwakeInstancesAfterBackupRestoration (5ms)
Platform modules already initialized, skipping
========================================================================
Worker process is ready to serve import requests
Launched and connected shader compiler UnityShaderCompiler.exe after 0.08 seconds
Refreshing native plugins compatible for Editor in 0.55 ms, found 2 plugins.
Preloading 0 native plugins for Editor in 0.00 ms.
Unloading 1730 Unused Serialized files (Serialized files now loaded: 0)
System memory in use before: 93.8 MB.
System memory in use after: 93.8 MB.

Unloading 23 unused Assets to reduce memory usage. Loaded Objects now: 2307.
Total: 2.753700 ms (FindLiveObjects: 0.178200 ms CreateObjectMapping: 0.039800 ms MarkObjects: 2.452800 ms  DeleteObjects: 0.082000 ms)

AssetImportParameters requested are different than current active one (requested -> active):
  custom:framework-win-MediaFoundation: 216162199b28c13a410421893ffa2e32 -> 
  custom:video-decoder-ogg-theora: a1e56fd34408186e4bbccfd4996cb3dc -> 
  custom:container-muxer-webm: aa71ff27fc2769a1b78a27578f13a17b -> 
  custom:container-demuxer-webm: 4f35f7cbe854078d1ac9338744f61a02 -> 
  custom:container-demuxer-ogg: 62fdf1f143b41e24485cea50d1cbac27 -> 
  custom:video-encoder-webm-vp8: eb34c28f22e8b96e1ab97ce403110664 -> 
  custom:video-decoder-webm-vp8: 9c59270c3fd7afecdb556c50c9e8de78 -> 
  custom:audio-decoder-ogg-vorbis: bf7c407c2cedff20999df2af8eb42d56 -> 
  custom:audio-encoder-webm-vorbis: bf7c407c2cedff20999df2af8eb42d56 -> 
========================================================================
Received Import Request.
  path: Assets/EasyRoads3D/Resources/ERProRoad.prefab
  artifactKey: Guid(1f87f95e79e2c104f808bba536652594) Importer(815301076,1909f56bfc062723c751e8b465ee728b)
Start importing Assets/EasyRoads3D/Resources/ERProRoad.prefab using Guid(1f87f95e79e2c104f808bba536652594) Importer(815301076,1909f56bfc062723c751e8b465ee728b)  -> (artifact id: '83da1e6d7d9bcda764c8b1cfb65b2ca3') in 0.052545 seconds 
  Import took 0.075916 seconds .

========================================================================
Received Import Request.
  Time since last request: 0.000142 seconds.
  path: Assets/EasyRoads3D/Resources/ERSideObjectsLog.prefab
  artifactKey: Guid(12ead8de3822ecf4b9bef47670228d8f) Importer(815301076,1909f56bfc062723c751e8b465ee728b)
Start importing Assets/EasyRoads3D/Resources/ERSideObjectsLog.prefab using Guid(12ead8de3822ecf4b9bef47670228d8f) Importer(815301076,1909f56bfc062723c751e8b465ee728b)  -> (artifact id: '10e02f256e4a56329eeed84fcf576645') in 0.067389 seconds 
  Import took 0.082178 seconds .

========================================================================
Received Import Request.
  Time since last request: 0.000140 seconds.
  path: Assets/BEDRILL/Modular_Track_Free/Models/Track_line_type_01_30m_free.fbx
  artifactKey: Guid(33bbba6bc07665640b844e1b81d2e458) Importer(815301076,1909f56bfc062723c751e8b465ee728b)
Start importing Assets/BEDRILL/Modular_Track_Free/Models/Track_line_type_01_30m_free.fbx using Guid(33bbba6bc07665640b844e1b81d2e458) Importer(815301076,1909f56bfc062723c751e8b465ee728b)  -> (artifact id: 'f1eb49f82abf87c5e72232c9bdf60566') in 0.217464 seconds 
  Import took 0.237180 seconds .

========================================================================
Received Import Request.
  Time since last request: 0.000140 seconds.
  path: Assets/BEDRILL/Modular_Track_Free/Models/Track_Fence_line_type_01_red_block_1.5m_free.fbx
  artifactKey: Guid(1dc728a96febd144d94d84d35094dda6) Importer(815301076,1909f56bfc062723c751e8b465ee728b)
Start importing Assets/BEDRILL/Modular_Track_Free/Models/Track_Fence_line_type_01_red_block_1.5m_free.fbx using Guid(1dc728a96febd144d94d84d35094dda6) Importer(815301076,1909f56bfc062723c751e8b465ee728b)  -> (artifact id: '4ebfcdadc3987028185d97daaacd60bb') in 0.046750 seconds 
  Import took 0.061174 seconds .

========================================================================
Received Import Request.
  Time since last request: 0.000142 seconds.
  path: Assets/BEDRILL/Modular_Track_Free/Models/Track_line_type_01_15m_free.fbx
  artifactKey: Guid(fabe91f604127994ab9fcef58cb0b2ce) Importer(815301076,1909f56bfc062723c751e8b465ee728b)
Start importing Assets/BEDRILL/Modular_Track_Free/Models/Track_line_type_01_15m_free.fbx using Guid(fabe91f604127994ab9fcef58cb0b2ce) Importer(815301076,1909f56bfc062723c751e8b465ee728b)  -> (artifact id: '9574a66905e5ed4db00ca2dca3ce32cf') in 0.024940 seconds 
  Import took 0.071720 seconds .

========================================================================
Received Import Request.
  Time since last request: 0.000146 seconds.
  path: Assets/BEDRILL/Modular_Track_Free/Models/Track_Corner_90d_type_01_30x30m_free.fbx
  artifactKey: Guid(5175279fb16e48044b7fde28997771c6) Importer(815301076,1909f56bfc062723c751e8b465ee728b)
Start importing Assets/BEDRILL/Modular_Track_Free/Models/Track_Corner_90d_type_01_30x30m_free.fbx using Guid(5175279fb16e48044b7fde28997771c6) Importer(815301076,1909f56bfc062723c751e8b465ee728b)  -> (artifact id: '320507b1b58e188ef242363b164f25a8') in 0.010763 seconds 
  Import took 0.026674 seconds .

========================================================================
Received Import Request.
  Time since last request: 0.000142 seconds.
  path: Assets/BEDRILL/Modular_Track_Free/Models/Track_Corner_90d_type_01_15x15m_free.fbx
  artifactKey: Guid(493f01361ccfce74499b13e5a2e13c6a) Importer(815301076,1909f56bfc062723c751e8b465ee728b)
Start importing Assets/BEDRILL/Modular_Track_Free/Models/Track_Corner_90d_type_01_15x15m_free.fbx using Guid(493f01361ccfce74499b13e5a2e13c6a) Importer(815301076,1909f56bfc062723c751e8b465ee728b)  -> (artifact id: '85e981db65c53c6dfe377b732042f5cf') in 0.009682 seconds 
  Import took 0.042891 seconds .

========================================================================
Received Import Request.
  Time since last request: 0.000140 seconds.
  path: Assets/EasyRoads3D/Resources/Materials/surfaceMaterial.mat
  artifactKey: Guid(6df83606ee896204ea5f2925b610f5fb) Importer(815301076,1909f56bfc062723c751e8b465ee728b)
Start importing Assets/EasyRoads3D/Resources/Materials/surfaceMaterial.mat using Guid(6df83606ee896204ea5f2925b610f5fb) Importer(815301076,1909f56bfc062723c751e8b465ee728b)  -> (artifact id: '01dad94b7c27f2306b65981eef63889d') in 0.313578 seconds 
  Import took 0.322592 seconds .

========================================================================
Received Import Request.
  Time since last request: 0.000183 seconds.
  path: Assets/BEDRILL/Modular_Track_Free/Models/Track_Fence_line_type_01_15m_free.fbx
  artifactKey: Guid(761ac6449add9834faf07e845a01ed91) Importer(815301076,1909f56bfc062723c751e8b465ee728b)
Start importing Assets/BEDRILL/Modular_Track_Free/Models/Track_Fence_line_type_01_15m_free.fbx using Guid(761ac6449add9834faf07e845a01ed91) Importer(815301076,1909f56bfc062723c751e8b465ee728b)  -> (artifact id: '1a1aad80a95303311e3491ba6a0ee2e5') in 0.027711 seconds 
  Import took 0.045557 seconds .

========================================================================
Received Import Request.
  Time since last request: 0.000146 seconds.
  path: Assets/EasyRoads3D/Resources/ERProjectLog.prefab
  artifactKey: Guid(8add2216a299bb04a96254601a49cc2a) Importer(815301076,1909f56bfc062723c751e8b465ee728b)
Start importing Assets/EasyRoads3D/Resources/ERProjectLog.prefab using Guid(8add2216a299bb04a96254601a49cc2a) Importer(815301076,1909f56bfc062723c751e8b465ee728b)  -> (artifact id: '7f80a107e0be0283c466fa0c40d2f27f') in 0.003552 seconds 
  Import took 0.024879 seconds .

========================================================================
Received Import Request.
  Time since last request: 0.000225 seconds.
  path: Assets/BEDRILL/Modular_Track_Free/Models/Track_line_type_01_start_finish_15m_free.fbx
  artifactKey: Guid(6c0492ec64e98194f801795ea282dd3d) Importer(815301076,1909f56bfc062723c751e8b465ee728b)
Start importing Assets/BEDRILL/Modular_Track_Free/Models/Track_line_type_01_start_finish_15m_free.fbx using Guid(6c0492ec64e98194f801795ea282dd3d) Importer(815301076,1909f56bfc062723c751e8b465ee728b)  -> (artifact id: '0cc6537737ad9dec2e023632a1e5230a') in 0.023442 seconds 
  Import took 0.056007 seconds .

========================================================================
Received Import Request.
  Time since last request: 0.000186 seconds.
  path: Assets/EasyRoads3D/Resources/ER Road Network.prefab
  artifactKey: Guid(efbc7fb2513d6744ab1bcfac40f0823d) Importer(815301076,1909f56bfc062723c751e8b465ee728b)
Start importing Assets/EasyRoads3D/Resources/ER Road Network.prefab using Guid(efbc7fb2513d6744ab1bcfac40f0823d) Importer(815301076,1909f56bfc062723c751e8b465ee728b)  -> (artifact id: '74b457fe9cf84de3d55e95bff56e0b0c') in 0.191258 seconds 
  Import took 0.208287 seconds .

========================================================================
Received Import Request.
  Time since last request: 0.000159 seconds.
  path: Assets/BEDRILL/Modular_Track_Free/Models/Track_Fence_line_type_01_white_block_1.5m_free.fbx
  artifactKey: Guid(eb010e7108caa5c40b126525d76c730a) Importer(815301076,1909f56bfc062723c751e8b465ee728b)
Start importing Assets/BEDRILL/Modular_Track_Free/Models/Track_Fence_line_type_01_white_block_1.5m_free.fbx using Guid(eb010e7108caa5c40b126525d76c730a) Importer(815301076,1909f56bfc062723c751e8b465ee728b)  -> (artifact id: 'c14fd788f33452d68617b6310a0eb3aa') in 0.043145 seconds 
  Import took 0.095246 seconds .

========================================================================
Received Import Request.
  Time since last request: 8.218309 seconds.
  path: Assets/Project/OldPrefabss/lvl Assets/Netherlands/SpaceZeta_StreetLamps/Floor_mat.mat
  artifactKey: Guid(194a7e2c4a9fc5f409dca86a97e93fea) Importer(815301076,1909f56bfc062723c751e8b465ee728b)
Start importing Assets/Project/OldPrefabss/lvl Assets/Netherlands/SpaceZeta_StreetLamps/Floor_mat.mat using Guid(194a7e2c4a9fc5f409dca86a97e93fea) Importer(815301076,1909f56bfc062723c751e8b465ee728b)  -> (artifact id: '4d7fdaa90bbdc4c78ac206a399ad7ac9') in 0.048575 seconds 
  Import took 0.087458 seconds .

========================================================================
Received Prepare
Registering precompiled user dll's ...
Registered in 0.002337 seconds.
Begin MonoManager ReloadAssembly
Native extension for WindowsStandalone target not found
Refreshing native plugins compatible for Editor in 0.52 ms, found 2 plugins.
Preloading 0 native plugins for Editor in 0.00 ms.
Mono: successfully reloaded assembly
- Completed reload, in  0.761 seconds
Domain Reload Profiling:
	ReloadAssembly (761ms)
		BeginReloadAssembly (88ms)
			ExecutionOrderSort (0ms)
			DisableScriptedObjects (3ms)
			BackupInstance (0ms)
			ReleaseScriptingObjects (0ms)
			CreateAndSetChildDomain (31ms)
		EndReloadAssembly (628ms)
			LoadAssemblies (63ms)
			RebuildTransferFunctionScriptingTraits (0ms)
			SetupTypeCache (223ms)
			ReleaseScriptCaches (1ms)
			RebuildScriptCaches (35ms)
			SetupLoadedEditorAssemblies (228ms)
				LogAssemblyErrors (0ms)
				InitializePlatformSupportModulesInManaged (3ms)
				SetLoadedEditorAssemblies (0ms)
				RefreshPlugins (1ms)
				BeforeProcessingInitializeOnLoad (57ms)
				ProcessInitializeOnLoadAttributes (158ms)
				ProcessInitializeOnLoadMethodAttributes (7ms)
				AfterProcessingInitializeOnLoad (2ms)
				EditorAssembliesLoaded (0ms)
			ExecutionOrderSort2 (0ms)
			AwakeInstancesAfterBackupRestoration (5ms)
Platform modules already initialized, skipping
Switching build target platform(19) subTarget(0) extendedPlatform(0) -> platform(13) subTarget(537395200) extendedPlatform(0)
Refreshing native plugins compatible for Editor in 0.61 ms, found 2 plugins.
Preloading 0 native plugins for Editor in 0.00 ms.
Unloading 1718 Unused Serialized files (Serialized files now loaded: 0)
System memory in use before: 95.5 MB.
System memory in use after: 95.7 MB.

Unloading 18 unused Assets to reduce memory usage. Loaded Objects now: 2352.
Total: 2.722500 ms (FindLiveObjects: 0.188300 ms CreateObjectMapping: 0.040300 ms MarkObjects: 2.477600 ms  DeleteObjects: 0.015300 ms)

AssetImportParameters requested are different than current active one (requested -> active):
  custom:framework-win-MediaFoundation: 216162199b28c13a410421893ffa2e32 -> 
  custom:video-decoder-ogg-theora: a1e56fd34408186e4bbccfd4996cb3dc -> 
  custom:container-muxer-webm: aa71ff27fc2769a1b78a27578f13a17b -> 
  custom:container-demuxer-webm: 4f35f7cbe854078d1ac9338744f61a02 -> 
  custom:container-demuxer-ogg: 62fdf1f143b41e24485cea50d1cbac27 -> 
  custom:video-encoder-webm-vp8: eb34c28f22e8b96e1ab97ce403110664 -> 
  custom:video-decoder-webm-vp8: 9c59270c3fd7afecdb556c50c9e8de78 -> 
  custom:graphics/normal-map-encoding: 01000000000000000000000000000000 -> 02000000000000000000000000000000
  custom:audio-decoder-ogg-vorbis: bf7c407c2cedff20999df2af8eb42d56 -> 
  custom:audio-encoder-webm-vorbis: bf7c407c2cedff20999df2af8eb42d56 -> 
========================================================================
Received Import Request.
  Time since last request: 325.008011 seconds.
  path: Assets/Tourung Car Pack/Prefab/Chev666.prefab
  artifactKey: Guid(7b367dccc659de64b8c4d882ca0505fc) Importer(815301076,1909f56bfc062723c751e8b465ee728b)
Start importing Assets/Tourung Car Pack/Prefab/Chev666.prefab using Guid(7b367dccc659de64b8c4d882ca0505fc) Importer(815301076,1909f56bfc062723c751e8b465ee728b)  -> (artifact id: '870c7db43cc181d6c3bbd636e549812d') in 0.780589 seconds 
  Import took 0.807080 seconds .

========================================================================
Received Import Request.
  Time since last request: 0.000156 seconds.
  path: Assets/Tourung Car Pack/Prefab/Floor.prefab
  artifactKey: Guid(661d50483d36e3140a06c8ce577c50b7) Importer(815301076,1909f56bfc062723c751e8b465ee728b)
Start importing Assets/Tourung Car Pack/Prefab/Floor.prefab using Guid(661d50483d36e3140a06c8ce577c50b7) Importer(815301076,1909f56bfc062723c751e8b465ee728b)  -> (artifact id: '673a55545c59692c7d8de0c7251dcd18') in 0.006925 seconds 
  Import took 0.021653 seconds .

========================================================================
Received Import Request.
  Time since last request: 0.000165 seconds.
  path: Assets/Tourung Car Pack/Prefab/Tires.prefab
  artifactKey: Guid(650da820b44a0cd409844c0e08448327) Importer(815301076,1909f56bfc062723c751e8b465ee728b)
Start importing Assets/Tourung Car Pack/Prefab/Tires.prefab using Guid(650da820b44a0cd409844c0e08448327) Importer(815301076,1909f56bfc062723c751e8b465ee728b)  -> (artifact id: 'ccf67f7545aaad2ac4c9f4ca8aed2e7c') in 0.031176 seconds 
  Import took 0.034011 seconds .

========================================================================
Received Prepare
Registering precompiled user dll's ...
Registered in 0.002602 seconds.
Begin MonoManager ReloadAssembly
Native extension for WindowsStandalone target not found
Refreshing native plugins compatible for Editor in 0.52 ms, found 2 plugins.
Preloading 0 native plugins for Editor in 0.00 ms.
Mono: successfully reloaded assembly
- Completed reload, in  0.758 seconds
Domain Reload Profiling:
	ReloadAssembly (759ms)
		BeginReloadAssembly (88ms)
			ExecutionOrderSort (0ms)
			DisableScriptedObjects (3ms)
			BackupInstance (0ms)
			ReleaseScriptingObjects (0ms)
			CreateAndSetChildDomain (32ms)
		EndReloadAssembly (625ms)
			LoadAssemblies (65ms)
			RebuildTransferFunctionScriptingTraits (0ms)
			SetupTypeCache (219ms)
			ReleaseScriptCaches (1ms)
			RebuildScriptCaches (37ms)
			SetupLoadedEditorAssemblies (217ms)
				LogAssemblyErrors (0ms)
				InitializePlatformSupportModulesInManaged (4ms)
				SetLoadedEditorAssemblies (0ms)
				RefreshPlugins (1ms)
				BeforeProcessingInitializeOnLoad (53ms)
				ProcessInitializeOnLoadAttributes (151ms)
				ProcessInitializeOnLoadMethodAttributes (7ms)
				AfterProcessingInitializeOnLoad (2ms)
				EditorAssembliesLoaded (0ms)
			ExecutionOrderSort2 (0ms)
			AwakeInstancesAfterBackupRestoration (5ms)
Platform modules already initialized, skipping
Switching build target platform(19) subTarget(0) extendedPlatform(0) -> platform(13) subTarget(537395200) extendedPlatform(0)
Refreshing native plugins compatible for Editor in 0.65 ms, found 2 plugins.
Preloading 0 native plugins for Editor in 0.00 ms.
Unloading 1718 Unused Serialized files (Serialized files now loaded: 0)
System memory in use before: 96.0 MB.
System memory in use after: 96.1 MB.

Unloading 18 unused Assets to reduce memory usage. Loaded Objects now: 2356.
Total: 2.862300 ms (FindLiveObjects: 0.201700 ms CreateObjectMapping: 0.038500 ms MarkObjects: 2.600500 ms  DeleteObjects: 0.020600 ms)

AssetImportParameters requested are different than current active one (requested -> active):
  custom:framework-win-MediaFoundation: 216162199b28c13a410421893ffa2e32 -> 
  custom:video-decoder-ogg-theora: a1e56fd34408186e4bbccfd4996cb3dc -> 
  custom:container-muxer-webm: aa71ff27fc2769a1b78a27578f13a17b -> 
  custom:container-demuxer-webm: 4f35f7cbe854078d1ac9338744f61a02 -> 
  custom:container-demuxer-ogg: 62fdf1f143b41e24485cea50d1cbac27 -> 
  custom:video-encoder-webm-vp8: eb34c28f22e8b96e1ab97ce403110664 -> 
  custom:video-decoder-webm-vp8: 9c59270c3fd7afecdb556c50c9e8de78 -> 
  custom:graphics/normal-map-encoding: 01000000000000000000000000000000 -> 02000000000000000000000000000000
  custom:audio-decoder-ogg-vorbis: bf7c407c2cedff20999df2af8eb42d56 -> 
  custom:audio-encoder-webm-vorbis: bf7c407c2cedff20999df2af8eb42d56 -> 
========================================================================
Received Import Request.
  Time since last request: 120.103557 seconds.
  path: Assets/LowPolyVehicle1/Prefabs/ground.prefab
  artifactKey: Guid(8a6b2c7e26729e3428d873e7d3eacb9e) Importer(815301076,1909f56bfc062723c751e8b465ee728b)
Start importing Assets/LowPolyVehicle1/Prefabs/ground.prefab using Guid(8a6b2c7e26729e3428d873e7d3eacb9e) Importer(815301076,1909f56bfc062723c751e8b465ee728b)  -> (artifact id: 'a44d53a5ed86bbb76bb86758e98ded96') in 0.041674 seconds 
  Import took 0.055114 seconds .

========================================================================
Received Import Request.
  Time since last request: 0.000173 seconds.
  path: Assets/LowPolyVehicle1/Prefabs/vehicle1-red.prefab
  artifactKey: Guid(1e7250932be338a4b8fbf477c0ba8e94) Importer(815301076,1909f56bfc062723c751e8b465ee728b)
Start importing Assets/LowPolyVehicle1/Prefabs/vehicle1-red.prefab using Guid(1e7250932be338a4b8fbf477c0ba8e94) Importer(815301076,1909f56bfc062723c751e8b465ee728b)  -> (artifact id: 'aca3486d82efcc2f0e345b76c3a08f20') in 0.011701 seconds 
  Import took 0.029175 seconds .

========================================================================
Received Prepare
Registering precompiled user dll's ...
Registered in 0.004764 seconds.
Begin MonoManager ReloadAssembly
Native extension for WindowsStandalone target not found
Refreshing native plugins compatible for Editor in 0.53 ms, found 2 plugins.
Preloading 0 native plugins for Editor in 0.00 ms.
Mono: successfully reloaded assembly
- Completed reload, in  0.789 seconds
Domain Reload Profiling:
	ReloadAssembly (790ms)
		BeginReloadAssembly (90ms)
			ExecutionOrderSort (0ms)
			DisableScriptedObjects (3ms)
			BackupInstance (0ms)
			ReleaseScriptingObjects (0ms)
			CreateAndSetChildDomain (29ms)
		EndReloadAssembly (655ms)
			LoadAssemblies (64ms)
			RebuildTransferFunctionScriptingTraits (0ms)
			SetupTypeCache (217ms)
			ReleaseScriptCaches (1ms)
			RebuildScriptCaches (36ms)
			SetupLoadedEditorAssemblies (253ms)
				LogAssemblyErrors (0ms)
				InitializePlatformSupportModulesInManaged (3ms)
				SetLoadedEditorAssemblies (0ms)
				RefreshPlugins (1ms)
				BeforeProcessingInitializeOnLoad (66ms)
				ProcessInitializeOnLoadAttributes (173ms)
				ProcessInitializeOnLoadMethodAttributes (7ms)
				AfterProcessingInitializeOnLoad (2ms)
				EditorAssembliesLoaded (0ms)
			ExecutionOrderSort2 (0ms)
			AwakeInstancesAfterBackupRestoration (6ms)
Platform modules already initialized, skipping
Switching build target platform(19) subTarget(0) extendedPlatform(0) -> platform(13) subTarget(537395200) extendedPlatform(0)
Refreshing native plugins compatible for Editor in 0.52 ms, found 2 plugins.
Preloading 0 native plugins for Editor in 0.00 ms.
Unloading 1718 Unused Serialized files (Serialized files now loaded: 0)
System memory in use before: 96.0 MB.
System memory in use after: 96.2 MB.

Unloading 18 unused Assets to reduce memory usage. Loaded Objects now: 2359.
Total: 2.886100 ms (FindLiveObjects: 0.186400 ms CreateObjectMapping: 0.039100 ms MarkObjects: 2.636600 ms  DeleteObjects: 0.023200 ms)

AssetImportParameters requested are different than current active one (requested -> active):
  custom:framework-win-MediaFoundation: 216162199b28c13a410421893ffa2e32 -> 
  custom:video-decoder-ogg-theora: a1e56fd34408186e4bbccfd4996cb3dc -> 
  custom:container-muxer-webm: aa71ff27fc2769a1b78a27578f13a17b -> 
  custom:container-demuxer-webm: 4f35f7cbe854078d1ac9338744f61a02 -> 
  custom:container-demuxer-ogg: 62fdf1f143b41e24485cea50d1cbac27 -> 
  custom:video-encoder-webm-vp8: eb34c28f22e8b96e1ab97ce403110664 -> 
  custom:video-decoder-webm-vp8: 9c59270c3fd7afecdb556c50c9e8de78 -> 
  custom:graphics/normal-map-encoding: 01000000000000000000000000000000 -> 02000000000000000000000000000000
  custom:audio-decoder-ogg-vorbis: bf7c407c2cedff20999df2af8eb42d56 -> 
  custom:audio-encoder-webm-vorbis: bf7c407c2cedff20999df2af8eb42d56 -> 
========================================================================
Received Import Request.
  Time since last request: 48.801625 seconds.
  path: Assets/LowPolyVehicle1/Prefabs
  artifactKey: Guid(c3e7672af0d156f46997ec418db364e1) Importer(815301076,1909f56bfc062723c751e8b465ee728b)
Start importing Assets/LowPolyVehicle1/Prefabs using Guid(c3e7672af0d156f46997ec418db364e1) Importer(815301076,1909f56bfc062723c751e8b465ee728b)  -> (artifact id: 'c753c3fb2156cadd3a9bddc6cde4cc33') in 0.149659 seconds 
  Import took 0.170990 seconds .

========================================================================
Received Import Request.
  Time since last request: 25.512648 seconds.
  path: Assets/LowPolyVehicle1
  artifactKey: Guid(e2488f6f9e4a7b948a0078439c71b5a8) Importer(815301076,1909f56bfc062723c751e8b465ee728b)
Start importing Assets/LowPolyVehicle1 using Guid(e2488f6f9e4a7b948a0078439c71b5a8) Importer(815301076,1909f56bfc062723c751e8b465ee728b)  -> (artifact id: '3285f0be37a3e7fa29604e33f8ffd1b3') in 0.001104 seconds 
  Import took 0.022890 seconds .

========================================================================
Received Import Request.
  Time since last request: 8.584016 seconds.
  path: Assets/BEDRILL
  artifactKey: Guid(552d314039a52944ebc867d752269732) Importer(815301076,1909f56bfc062723c751e8b465ee728b)
Start importing Assets/BEDRILL using Guid(552d314039a52944ebc867d752269732) Importer(815301076,1909f56bfc062723c751e8b465ee728b)  -> (artifact id: '78eeda6f50babccecfc433918573b474') in 0.001213 seconds 
  Import took 0.003871 seconds .

========================================================================
Received Import Request.
  Time since last request: 0.635206 seconds.
  path: Assets/BEDRILL/Modular_Track_Free
  artifactKey: Guid(beda17eed0ae742489e69a5f413cfee9) Importer(815301076,1909f56bfc062723c751e8b465ee728b)
Start importing Assets/BEDRILL/Modular_Track_Free using Guid(beda17eed0ae742489e69a5f413cfee9) Importer(815301076,1909f56bfc062723c751e8b465ee728b)  -> (artifact id: 'c4f672dc57210a70a40d1d068f0887f3') in 0.001252 seconds 
  Import took 0.018854 seconds .

========================================================================
Received Import Request.
  Time since last request: 2.897467 seconds.
  path: Assets/BEDRILL/Modular_Track_Free/Prefabs_Obs
  artifactKey: Guid(078487c971fcf074581d08e7019d0a64) Importer(815301076,1909f56bfc062723c751e8b465ee728b)
Start importing Assets/BEDRILL/Modular_Track_Free/Prefabs_Obs using Guid(078487c971fcf074581d08e7019d0a64) Importer(815301076,1909f56bfc062723c751e8b465ee728b)  -> (artifact id: '2038068ffdb53bd38e31c587fba69bd3') in 0.001127 seconds 
  Import took 0.018992 seconds .

========================================================================
Received Import Request.
  Time since last request: 0.050888 seconds.
  path: Assets/BEDRILL/Modular_Track_Free/Prefabs_Obs/Track_Corner_90d_type_01_15x15m_free_obs.prefab
  artifactKey: Guid(dd0831f60632baf4492b92858d493b29) Importer(815301076,1909f56bfc062723c751e8b465ee728b)
Start importing Assets/BEDRILL/Modular_Track_Free/Prefabs_Obs/Track_Corner_90d_type_01_15x15m_free_obs.prefab using Guid(dd0831f60632baf4492b92858d493b29) Importer(815301076,1909f56bfc062723c751e8b465ee728b)  -> (artifact id: '472b664578a757d3be5736b29dfcaa20') in 0.134198 seconds 
  Import took 0.149556 seconds .

========================================================================
Received Import Request.
  Time since last request: 0.000161 seconds.
  path: Assets/BEDRILL/Modular_Track_Free/Prefabs_Obs/Track_line_type_01_start_finish_15m_free_obs.prefab
  artifactKey: Guid(419b5557461398443a4b99d9496015fc) Importer(815301076,1909f56bfc062723c751e8b465ee728b)
Start importing Assets/BEDRILL/Modular_Track_Free/Prefabs_Obs/Track_line_type_01_start_finish_15m_free_obs.prefab using Guid(419b5557461398443a4b99d9496015fc) Importer(815301076,1909f56bfc062723c751e8b465ee728b)  -> (artifact id: 'd6ac51ec09a58d1d7d96f9df54ecc706') in 0.024450 seconds 
  Import took 0.048985 seconds .

========================================================================
Received Import Request.
  Time since last request: 0.000148 seconds.
  path: Assets/BEDRILL/Modular_Track_Free/Prefabs_Obs/Track_Fence_line_type_01_15m_free_obs.prefab
  artifactKey: Guid(87e0acbd6ddf7814097e377d5a5c716d) Importer(815301076,1909f56bfc062723c751e8b465ee728b)
Start importing Assets/BEDRILL/Modular_Track_Free/Prefabs_Obs/Track_Fence_line_type_01_15m_free_obs.prefab using Guid(87e0acbd6ddf7814097e377d5a5c716d) Importer(815301076,1909f56bfc062723c751e8b465ee728b)  -> (artifact id: 'ffc446fda3a69a226a8c34a7a0e261e2') in 0.018980 seconds 
  Import took 0.033949 seconds .

========================================================================
Received Import Request.
  Time since last request: 0.000160 seconds.
  path: Assets/BEDRILL/Modular_Track_Free/Prefabs_Obs/Track_line_type_01_30m_free_obs.prefab
  artifactKey: Guid(18ab59e03c7a63c4dbfb26d2ca862d41) Importer(815301076,1909f56bfc062723c751e8b465ee728b)
Start importing Assets/BEDRILL/Modular_Track_Free/Prefabs_Obs/Track_line_type_01_30m_free_obs.prefab using Guid(18ab59e03c7a63c4dbfb26d2ca862d41) Importer(815301076,1909f56bfc062723c751e8b465ee728b)  -> (artifact id: '1bf54f619e894c035bbf6398857b9a74') in 0.019174 seconds 
  Import took 0.037532 seconds .

========================================================================
Received Import Request.
  Time since last request: 0.000225 seconds.
  path: Assets/BEDRILL/Modular_Track_Free/Prefabs_Obs/Track_Fence_line_type_01_white_block_1.5m_free_obs.prefab
  artifactKey: Guid(484e95a1def424c4b9f1ad821e0c226a) Importer(815301076,1909f56bfc062723c751e8b465ee728b)
Start importing Assets/BEDRILL/Modular_Track_Free/Prefabs_Obs/Track_Fence_line_type_01_white_block_1.5m_free_obs.prefab using Guid(484e95a1def424c4b9f1ad821e0c226a) Importer(815301076,1909f56bfc062723c751e8b465ee728b)  -> (artifact id: 'd90a1132bad43be5c08d067a79ef2082') in 0.007566 seconds 
  Import took 0.016385 seconds .

========================================================================
Received Import Request.
  Time since last request: 0.000169 seconds.
  path: Assets/BEDRILL/Modular_Track_Free/Prefabs_Obs/Track_line_type_01_15m_free_obs.prefab
  artifactKey: Guid(1060f28bab45ab94eb490830df68466e) Importer(815301076,1909f56bfc062723c751e8b465ee728b)
Start importing Assets/BEDRILL/Modular_Track_Free/Prefabs_Obs/Track_line_type_01_15m_free_obs.prefab using Guid(1060f28bab45ab94eb490830df68466e) Importer(815301076,1909f56bfc062723c751e8b465ee728b)  -> (artifact id: '906fce02f263f74bce34f2efaa4298c6') in 0.025328 seconds 
  Import took 0.044916 seconds .

========================================================================
Received Import Request.
  Time since last request: 0.000158 seconds.
  path: Assets/BEDRILL/Modular_Track_Free/Prefabs_Obs/Track_Fence_line_type_01_red_block_1.5m_free_obs.prefab
  artifactKey: Guid(f5d3c5e0f5f32c141911c08deee9e94d) Importer(815301076,1909f56bfc062723c751e8b465ee728b)
Start importing Assets/BEDRILL/Modular_Track_Free/Prefabs_Obs/Track_Fence_line_type_01_red_block_1.5m_free_obs.prefab using Guid(f5d3c5e0f5f32c141911c08deee9e94d) Importer(815301076,1909f56bfc062723c751e8b465ee728b)  -> (artifact id: 'd422e02d976f0e9faa7f5d26b9a39f33') in 0.022183 seconds 
  Import took 0.042402 seconds .

========================================================================
Received Import Request.
  Time since last request: 0.000149 seconds.
  path: Assets/BEDRILL/Modular_Track_Free/Prefabs_Obs/Track_Corner_90d_type_01_30x30m_free_obs.prefab
  artifactKey: Guid(233c6ac239f5f764f802f62bea56397e) Importer(815301076,1909f56bfc062723c751e8b465ee728b)
Start importing Assets/BEDRILL/Modular_Track_Free/Prefabs_Obs/Track_Corner_90d_type_01_30x30m_free_obs.prefab using Guid(233c6ac239f5f764f802f62bea56397e) Importer(815301076,1909f56bfc062723c751e8b465ee728b)  -> (artifact id: 'd169de8879f15914e71bfbe3197732a1') in 0.006948 seconds 
  Import took 0.016645 seconds .

========================================================================
Received Import Request.
  Time since last request: 2.451821 seconds.
  path: Assets/BEDRILL/Modular_Track_Free/Models
  artifactKey: Guid(281ded0f1061965419da0ad623c725b6) Importer(815301076,1909f56bfc062723c751e8b465ee728b)
Start importing Assets/BEDRILL/Modular_Track_Free/Models using Guid(281ded0f1061965419da0ad623c725b6) Importer(815301076,1909f56bfc062723c751e8b465ee728b)  -> (artifact id: '3b7992da9890b15195a130522aff4e1b') in 0.010002 seconds 
  Import took 0.026534 seconds .

========================================================================
Received Import Request.
  Time since last request: 3.429083 seconds.
  path: Assets/Car_Low
  artifactKey: Guid(82074a0b68282754dba25ed8b7ef1574) Importer(815301076,1909f56bfc062723c751e8b465ee728b)
Start importing Assets/Car_Low using Guid(82074a0b68282754dba25ed8b7ef1574) Importer(815301076,1909f56bfc062723c751e8b465ee728b)  -> (artifact id: 'af4056f2fbf5fad591720d05fa78609c') in 0.001117 seconds 
  Import took 0.013437 seconds .

========================================================================
Received Import Request.
  Time since last request: 0.716810 seconds.
  path: Assets/Car_Low/Tocus
  artifactKey: Guid(17228215154ec4143a13e1802b6ec2fd) Importer(815301076,1909f56bfc062723c751e8b465ee728b)
Start importing Assets/Car_Low/Tocus using Guid(17228215154ec4143a13e1802b6ec2fd) Importer(815301076,1909f56bfc062723c751e8b465ee728b)  -> (artifact id: '70f038bd7549b0db92106cd0d93df451') in 0.001193 seconds 
  Import took 0.004165 seconds .

========================================================================
Received Import Request.
  Time since last request: 0.103603 seconds.
  path: Assets/Car_Low/Tocus/Tocus.FBX
  artifactKey: Guid(df7495afdce80f54694ff3d2fae828ac) Importer(815301076,1909f56bfc062723c751e8b465ee728b)
Start importing Assets/Car_Low/Tocus/Tocus.FBX using Guid(df7495afdce80f54694ff3d2fae828ac) Importer(815301076,1909f56bfc062723c751e8b465ee728b)  -> (artifact id: '02abc2ae18cc69a3d443c87e976c00c1') in 0.206459 seconds 
  Import took 0.225304 seconds .

========================================================================
Received Import Request.
  Time since last request: 1.369555 seconds.
  path: Assets/Car_Low/Tocus/Textures
  artifactKey: Guid(b2239ecbaa410cd4fb10fe6277dfe1a2) Importer(815301076,1909f56bfc062723c751e8b465ee728b)
Start importing Assets/Car_Low/Tocus/Textures using Guid(b2239ecbaa410cd4fb10fe6277dfe1a2) Importer(815301076,1909f56bfc062723c751e8b465ee728b)  -> (artifact id: '079ad52a3b9c7d0d08434c68bc0158e5') in 0.001067 seconds 
  Import took 0.017146 seconds .

========================================================================
Received Import Request.
  Time since last request: 0.084014 seconds.
  path: Assets/Car_Low/Tocus/Textures/Tocus_Body.png
  artifactKey: Guid(75a935dffe18df64ea2277abf5692f1b) Importer(815301076,1909f56bfc062723c751e8b465ee728b)
Start importing Assets/Car_Low/Tocus/Textures/Tocus_Body.png using Guid(75a935dffe18df64ea2277abf5692f1b) Importer(815301076,1909f56bfc062723c751e8b465ee728b)  -> (artifact id: 'e9ede49321abeefa69dd905b8e3643b2') in 0.049774 seconds 
  Import took 0.052679 seconds .

========================================================================
Received Import Request.
  Time since last request: 0.000138 seconds.
  path: Assets/Car_Low/Tocus/Textures/Tocus_ligth_Dead.tif
  artifactKey: Guid(875504e1999176f4ba362fd96257c2a1) Importer(815301076,1909f56bfc062723c751e8b465ee728b)
Start importing Assets/Car_Low/Tocus/Textures/Tocus_ligth_Dead.tif using Guid(875504e1999176f4ba362fd96257c2a1) Importer(815301076,1909f56bfc062723c751e8b465ee728b)  -> (artifact id: 'fb9d7eccfdb9e105178b296752b5a684') in 0.011555 seconds 
  Import took 0.014030 seconds .

========================================================================
Received Import Request.
  Time since last request: 0.000133 seconds.
  path: Assets/Car_Low/Tocus/Textures/Tocus_Wheel.png
  artifactKey: Guid(927c5f7f460822c4d93c7e6c9db440e6) Importer(815301076,1909f56bfc062723c751e8b465ee728b)
Start importing Assets/Car_Low/Tocus/Textures/Tocus_Wheel.png using Guid(927c5f7f460822c4d93c7e6c9db440e6) Importer(815301076,1909f56bfc062723c751e8b465ee728b)  -> (artifact id: 'b16b62eb27e3bb596af7b64b2d9bbd58') in 0.042365 seconds 
  Import took 0.057935 seconds .

========================================================================
Received Import Request.
  Time since last request: 0.000134 seconds.
  path: Assets/Car_Low/Tocus/Textures/Tocus_Spring.tif
  artifactKey: Guid(fdfeea65af3a1b346aea351a5951ceed) Importer(815301076,1909f56bfc062723c751e8b465ee728b)
Start importing Assets/Car_Low/Tocus/Textures/Tocus_Spring.tif using Guid(fdfeea65af3a1b346aea351a5951ceed) Importer(815301076,1909f56bfc062723c751e8b465ee728b)  -> (artifact id: 'cfc7493ef62b5c8547e3e532fd46b9cc') in 0.005315 seconds 
  Import took 0.007734 seconds .

========================================================================
Received Import Request.
  Time since last request: 0.000134 seconds.
  path: Assets/Car_Low/Tocus/Textures/Tocus_Grid.tif
  artifactKey: Guid(de2dc93b7f902324f87a46b00042b80f) Importer(815301076,1909f56bfc062723c751e8b465ee728b)
Start importing Assets/Car_Low/Tocus/Textures/Tocus_Grid.tif using Guid(de2dc93b7f902324f87a46b00042b80f) Importer(815301076,1909f56bfc062723c751e8b465ee728b)  -> (artifact id: 'a0d3c090d6db8fa198ff889405ecd384') in 0.005668 seconds 
  Import took 0.008461 seconds .

========================================================================
Received Import Request.
  Time since last request: 0.000151 seconds.
  path: Assets/Car_Low/Tocus/Textures/Tocus_Steering_wheel.png
  artifactKey: Guid(977848e5af77bb146b47990fca66c0f8) Importer(815301076,1909f56bfc062723c751e8b465ee728b)
Start importing Assets/Car_Low/Tocus/Textures/Tocus_Steering_wheel.png using Guid(977848e5af77bb146b47990fca66c0f8) Importer(815301076,1909f56bfc062723c751e8b465ee728b)  -> (artifact id: 'e2c4ca88c187c15400ab48fc2cdf9332') in 0.015298 seconds 
  Import took 0.026514 seconds .

========================================================================
Received Import Request.
  Time since last request: 0.000144 seconds.
  path: Assets/Car_Low/Tocus/Textures/Tocus_Bottom.png
  artifactKey: Guid(cec41053d5ab45b4dbc11fb2c127624f) Importer(815301076,1909f56bfc062723c751e8b465ee728b)
Start importing Assets/Car_Low/Tocus/Textures/Tocus_Bottom.png using Guid(cec41053d5ab45b4dbc11fb2c127624f) Importer(815301076,1909f56bfc062723c751e8b465ee728b)  -> (artifact id: '9015bd8e2fd37eb3091bab6d7352dc20') in 0.017083 seconds 
  Import took 0.028053 seconds .

========================================================================
Received Import Request.
  Time since last request: 0.000162 seconds.
  path: Assets/Car_Low/Tocus/Textures/Tocus_inside.png
  artifactKey: Guid(527e377f7da55c546b557ad8c091a4a9) Importer(815301076,1909f56bfc062723c751e8b465ee728b)
Start importing Assets/Car_Low/Tocus/Textures/Tocus_inside.png using Guid(527e377f7da55c546b557ad8c091a4a9) Importer(815301076,1909f56bfc062723c751e8b465ee728b)  -> (artifact id: '5dfefe24e99cda4cf25eebfef880006e') in 0.016018 seconds 
  Import took 0.018609 seconds .

========================================================================
Received Import Request.
  Time since last request: 0.000137 seconds.
  path: Assets/Car_Low/Tocus/Textures/Tocus_Salon.png
  artifactKey: Guid(eda7b5ecbb1b84e4e916803d2c89a955) Importer(815301076,1909f56bfc062723c751e8b465ee728b)
Start importing Assets/Car_Low/Tocus/Textures/Tocus_Salon.png using Guid(eda7b5ecbb1b84e4e916803d2c89a955) Importer(815301076,1909f56bfc062723c751e8b465ee728b)  -> (artifact id: 'b9216ae37772b22bc30e2b1f8769ceb6') in 0.014926 seconds 
  Import took 0.028768 seconds .

========================================================================
Received Import Request.
  Time since last request: 0.000133 seconds.
  path: Assets/Car_Low/Tocus/Textures/Tocus_Exhaust_Pipe.png
  artifactKey: Guid(dd3fc272ca7f1bf4f987f53a216cf337) Importer(815301076,1909f56bfc062723c751e8b465ee728b)
Start importing Assets/Car_Low/Tocus/Textures/Tocus_Exhaust_Pipe.png using Guid(dd3fc272ca7f1bf4f987f53a216cf337) Importer(815301076,1909f56bfc062723c751e8b465ee728b)  -> (artifact id: 'f94024e3e4b8ddaa6c2e9c95e874f9ff') in 0.009141 seconds 
  Import took 0.020045 seconds .

========================================================================
Received Import Request.
  Time since last request: 0.000127 seconds.
  path: Assets/Car_Low/Tocus/Textures/Tocus_Wheel_b.png
  artifactKey: Guid(d03b19c44a8bee244b8f14768aa1a013) Importer(815301076,1909f56bfc062723c751e8b465ee728b)
Start importing Assets/Car_Low/Tocus/Textures/Tocus_Wheel_b.png using Guid(d03b19c44a8bee244b8f14768aa1a013) Importer(815301076,1909f56bfc062723c751e8b465ee728b)  -> (artifact id: '468f40b16057b53607e85ebc087f8814') in 0.044118 seconds 
  Import took 0.046738 seconds .

========================================================================
Received Import Request.
  Time since last request: 0.000166 seconds.
  path: Assets/Car_Low/Tocus/Textures/Tocus_ligth.tif
  artifactKey: Guid(b148ddafe9efde543a5ad49f116810ef) Importer(815301076,1909f56bfc062723c751e8b465ee728b)
Start importing Assets/Car_Low/Tocus/Textures/Tocus_ligth.tif using Guid(b148ddafe9efde543a5ad49f116810ef) Importer(815301076,1909f56bfc062723c751e8b465ee728b)  -> (artifact id: '694223d2afcc561e46ee1d0823389d55') in 0.005757 seconds 
  Import took 0.018088 seconds .

========================================================================
Received Import Request.
  Time since last request: 0.000133 seconds.
  path: Assets/Car_Low/Tocus/Textures/Tocus_Seat.png
  artifactKey: Guid(5e73cf0b90c67184789f285bfbdbc84f) Importer(815301076,1909f56bfc062723c751e8b465ee728b)
Start importing Assets/Car_Low/Tocus/Textures/Tocus_Seat.png using Guid(5e73cf0b90c67184789f285bfbdbc84f) Importer(815301076,1909f56bfc062723c751e8b465ee728b)  -> (artifact id: '5e8446163bad049bef47e1869e648bab') in 0.015417 seconds 
  Import took 0.017882 seconds .

========================================================================
Received Import Request.
  Time since last request: 1.641344 seconds.
  path: Assets/Car_Low/Tocus/Prafab
  artifactKey: Guid(650e7fd1dc6578d49aae29da16a426ee) Importer(815301076,1909f56bfc062723c751e8b465ee728b)
Start importing Assets/Car_Low/Tocus/Prafab using Guid(650e7fd1dc6578d49aae29da16a426ee) Importer(815301076,1909f56bfc062723c751e8b465ee728b)  -> (artifact id: '1a8d4c94ed6ead954fef11e3008def77') in 0.001162 seconds 
  Import took 0.012162 seconds .

========================================================================
Received Import Request.
  Time since last request: 0.060027 seconds.
  path: Assets/Car_Low/Tocus/Prafab/Tocus.prefab
  artifactKey: Guid(02e641040fb499c49a848e40f535164a) Importer(815301076,1909f56bfc062723c751e8b465ee728b)
Start importing Assets/Car_Low/Tocus/Prafab/Tocus.prefab using Guid(02e641040fb499c49a848e40f535164a) Importer(815301076,1909f56bfc062723c751e8b465ee728b)  -> (artifact id: '1b5ab5f4d6fc0bc9b814fd8be1db121f') in 0.464459 seconds 
  Import took 0.467784 seconds .

========================================================================
Received Import Request.
  Time since last request: 51.725451 seconds.
  path: Assets/Tourung Car Pack
  artifactKey: Guid(bdfa1ebe65a0eba4d9d0067436db2f60) Importer(815301076,1909f56bfc062723c751e8b465ee728b)
Start importing Assets/Tourung Car Pack using Guid(bdfa1ebe65a0eba4d9d0067436db2f60) Importer(815301076,1909f56bfc062723c751e8b465ee728b)  -> (artifact id: '52705c35497588fe86c8d3217e2c9937') in 0.001294 seconds 
  Import took 0.008863 seconds .

========================================================================
Received Import Request.
  Time since last request: 3.387335 seconds.
  path: Assets/Tourung Car Pack/Prefab
  artifactKey: Guid(c7dcf63156e1ac74c910fe6fb3710a96) Importer(815301076,1909f56bfc062723c751e8b465ee728b)
Start importing Assets/Tourung Car Pack/Prefab using Guid(c7dcf63156e1ac74c910fe6fb3710a96) Importer(815301076,1909f56bfc062723c751e8b465ee728b)  -> (artifact id: 'e9188a2e6d036f684eb838b35d7252bf') in 0.001182 seconds 
  Import took 0.003877 seconds .

========================================================================
Received Import Request.
  Time since last request: 4.086091 seconds.
  path: Assets/Modern_Touring_Carpack_Demo
  artifactKey: Guid(d96e6492fc04a9b43a6bf59764efc5fc) Importer(815301076,1909f56bfc062723c751e8b465ee728b)
Start importing Assets/Modern_Touring_Carpack_Demo using Guid(d96e6492fc04a9b43a6bf59764efc5fc) Importer(815301076,1909f56bfc062723c751e8b465ee728b)  -> (artifact id: 'fbc07d8206a8a12301f400997572b1b2') in 0.001755 seconds 
  Import took 0.006156 seconds .

========================================================================
Received Import Request.
  Time since last request: 1.089970 seconds.
  path: Assets/Modern_Touring_Carpack_Demo/Prefabs
  artifactKey: Guid(48234114bc6e0a14f8a3b9a8503d5fd8) Importer(815301076,1909f56bfc062723c751e8b465ee728b)
Start importing Assets/Modern_Touring_Carpack_Demo/Prefabs using Guid(48234114bc6e0a14f8a3b9a8503d5fd8) Importer(815301076,1909f56bfc062723c751e8b465ee728b)  -> (artifact id: '34c71bc985c994a608a72cb2e0c40eda') in 0.001071 seconds 
  Import took 0.003728 seconds .

========================================================================
Received Import Request.
  Time since last request: 0.087483 seconds.
  path: Assets/Modern_Touring_Carpack_Demo/Prefabs/Floor.prefab
  artifactKey: Guid(5a6081ffcbefb814491c0e4a2f84206a) Importer(815301076,1909f56bfc062723c751e8b465ee728b)
Start importing Assets/Modern_Touring_Carpack_Demo/Prefabs/Floor.prefab using Guid(5a6081ffcbefb814491c0e4a2f84206a) Importer(815301076,1909f56bfc062723c751e8b465ee728b)  -> (artifact id: 'b8e31822955b6b98c231dd2589a78db7') in 0.006563 seconds 
  Import took 0.010056 seconds .

========================================================================
Received Import Request.
  Time since last request: 0.000181 seconds.
  path: Assets/Modern_Touring_Carpack_Demo/Prefabs/FocE08.prefab
  artifactKey: Guid(764bc68a1a0dd384184fdeedf75892f9) Importer(815301076,1909f56bfc062723c751e8b465ee728b)
Start importing Assets/Modern_Touring_Carpack_Demo/Prefabs/FocE08.prefab using Guid(764bc68a1a0dd384184fdeedf75892f9) Importer(815301076,1909f56bfc062723c751e8b465ee728b)  -> (artifact id: 'a5fa5ab5bcbf3dcc786ec2708dfb1d48') in 0.393154 seconds 
  Import took 0.396142 seconds .

========================================================================
Received Import Request.
  Time since last request: 0.000137 seconds.
  path: Assets/Modern_Touring_Carpack_Demo/Prefabs/Tires.prefab
  artifactKey: Guid(7dcaa2e217549b643a83a684e662d87e) Importer(815301076,1909f56bfc062723c751e8b465ee728b)
Start importing Assets/Modern_Touring_Carpack_Demo/Prefabs/Tires.prefab using Guid(7dcaa2e217549b643a83a684e662d87e) Importer(815301076,1909f56bfc062723c751e8b465ee728b)  -> (artifact id: 'e79a546e5fb5b205ce6bb121d7459651') in 0.040245 seconds 
  Import took 0.042838 seconds .

========================================================================
Received Import Request.
  Time since last request: 114.681477 seconds.
  path: Assets/Modern_Touring_Carpack_Demo/Textures
  artifactKey: Guid(aab0be0882fac9e43bea388bc1331e5b) Importer(815301076,1909f56bfc062723c751e8b465ee728b)
Start importing Assets/Modern_Touring_Carpack_Demo/Textures using Guid(aab0be0882fac9e43bea388bc1331e5b) Importer(815301076,1909f56bfc062723c751e8b465ee728b)  -> (artifact id: '56d8bf5cac76066415d1d04a0a9cb332') in 0.001339 seconds 
  Import took 0.003915 seconds .

========================================================================
Received Prepare
Registering precompiled user dll's ...
Registered in 0.002477 seconds.
Begin MonoManager ReloadAssembly
Native extension for WindowsStandalone target not found
Refreshing native plugins compatible for Editor in 0.54 ms, found 2 plugins.
Preloading 0 native plugins for Editor in 0.00 ms.
Mono: successfully reloaded assembly
- Completed reload, in  0.752 seconds
Domain Reload Profiling:
	ReloadAssembly (753ms)
		BeginReloadAssembly (89ms)
			ExecutionOrderSort (0ms)
			DisableScriptedObjects (3ms)
			BackupInstance (0ms)
			ReleaseScriptingObjects (0ms)
			CreateAndSetChildDomain (31ms)
		EndReloadAssembly (617ms)
			LoadAssemblies (63ms)
			RebuildTransferFunctionScriptingTraits (0ms)
			SetupTypeCache (218ms)
			ReleaseScriptCaches (1ms)
			RebuildScriptCaches (35ms)
			SetupLoadedEditorAssemblies (215ms)
				LogAssemblyErrors (0ms)
				InitializePlatformSupportModulesInManaged (3ms)
				SetLoadedEditorAssemblies (0ms)
				RefreshPlugins (1ms)
				BeforeProcessingInitializeOnLoad (53ms)
				ProcessInitializeOnLoadAttributes (149ms)
				ProcessInitializeOnLoadMethodAttributes (7ms)
				AfterProcessingInitializeOnLoad (2ms)
				EditorAssembliesLoaded (0ms)
			ExecutionOrderSort2 (0ms)
			AwakeInstancesAfterBackupRestoration (5ms)
Platform modules already initialized, skipping
Switching build target platform(19) subTarget(0) extendedPlatform(0) -> platform(13) subTarget(537395200) extendedPlatform(0)
Refreshing native plugins compatible for Editor in 0.53 ms, found 2 plugins.
Preloading 0 native plugins for Editor in 0.00 ms.
Unloading 1718 Unused Serialized files (Serialized files now loaded: 0)
System memory in use before: 96.3 MB.
System memory in use after: 96.4 MB.

Unloading 18 unused Assets to reduce memory usage. Loaded Objects now: 2363.
Total: 2.781000 ms (FindLiveObjects: 0.188000 ms CreateObjectMapping: 0.047700 ms MarkObjects: 2.523200 ms  DeleteObjects: 0.021100 ms)

AssetImportParameters requested are different than current active one (requested -> active):
  custom:framework-win-MediaFoundation: 216162199b28c13a410421893ffa2e32 -> 
  custom:video-decoder-ogg-theora: a1e56fd34408186e4bbccfd4996cb3dc -> 
  custom:container-muxer-webm: aa71ff27fc2769a1b78a27578f13a17b -> 
  custom:container-demuxer-webm: 4f35f7cbe854078d1ac9338744f61a02 -> 
  custom:container-demuxer-ogg: 62fdf1f143b41e24485cea50d1cbac27 -> 
  custom:video-encoder-webm-vp8: eb34c28f22e8b96e1ab97ce403110664 -> 
  custom:video-decoder-webm-vp8: 9c59270c3fd7afecdb556c50c9e8de78 -> 
  custom:graphics/normal-map-encoding: 01000000000000000000000000000000 -> 02000000000000000000000000000000
  custom:audio-decoder-ogg-vorbis: bf7c407c2cedff20999df2af8eb42d56 -> 
  custom:audio-encoder-webm-vorbis: bf7c407c2cedff20999df2af8eb42d56 -> 
========================================================================
Received Prepare
Refreshing native plugins compatible for Editor in 2.31 ms, found 2 plugins.
Preloading 0 native plugins for Editor in 0.00 ms.
Unloading 15 Unused Serialized files (Serialized files now loaded: 0)
System memory in use before: 63.3 MB.
System memory in use after: 63.4 MB.

Unloading 15 unused Assets to reduce memory usage. Loaded Objects now: 2363.
Total: 2.843400 ms (FindLiveObjects: 0.191800 ms CreateObjectMapping: 0.039000 ms MarkObjects: 2.600600 ms  DeleteObjects: 0.011300 ms)

AssetImportParameters requested are different than current active one (requested -> active):
  custom:framework-win-MediaFoundation: 216162199b28c13a410421893ffa2e32 -> 
  custom:video-decoder-ogg-theora: a1e56fd34408186e4bbccfd4996cb3dc -> 
  custom:container-muxer-webm: aa71ff27fc2769a1b78a27578f13a17b -> 
  custom:container-demuxer-webm: 4f35f7cbe854078d1ac9338744f61a02 -> 
  custom:container-demuxer-ogg: 62fdf1f143b41e24485cea50d1cbac27 -> 
  custom:video-encoder-webm-vp8: eb34c28f22e8b96e1ab97ce403110664 -> 
  custom:video-decoder-webm-vp8: 9c59270c3fd7afecdb556c50c9e8de78 -> 
  custom:audio-decoder-ogg-vorbis: bf7c407c2cedff20999df2af8eb42d56 -> 
  custom:audio-encoder-webm-vorbis: bf7c407c2cedff20999df2af8eb42d56 -> 
